<?xml version="1.0" encoding="UTF-8"?>
<testsuite name="com.techforum.api.restapidemo.DemoControllerTest" tests="3" skipped="0" failures="0" errors="0" timestamp="2022-11-23T03:10:20" hostname="LIN51009485" time="0.453">
  <properties/>
  <testcase name="testGetBillionairByIdFound()" classname="com.techforum.api.restapidemo.DemoControllerTest" time="0.372"/>
  <testcase name="testGetBillionairByIdNotFound()" classname="com.techforum.api.restapidemo.DemoControllerTest" time="0.009"/>
  <testcase name="addBillionairSuccess()" classname="com.techforum.api.restapidemo.DemoControllerTest" time="0.068"/>
  <system-out><![CDATA[08:40:15.086 [Test worker] DEBUG org.springframework.test.context.BootstrapUtils - Instantiating CacheAwareContextLoaderDelegate from class [org.springframework.test.context.cache.DefaultCacheAwareContextLoaderDelegate]
08:40:15.104 [Test worker] DEBUG org.springframework.test.context.BootstrapUtils - Instantiating BootstrapContext using constructor [public org.springframework.test.context.support.DefaultBootstrapContext(java.lang.Class,org.springframework.test.context.CacheAwareContextLoaderDelegate)]
08:40:15.163 [Test worker] DEBUG org.springframework.test.context.BootstrapUtils - Instantiating TestContextBootstrapper for test class [com.techforum.api.restapidemo.DemoControllerTest] from class [org.springframework.boot.test.context.SpringBootTestContextBootstrapper]
08:40:15.201 [Test worker] INFO org.springframework.boot.test.context.SpringBootTestContextBootstrapper - Neither @ContextConfiguration nor @ContextHierarchy found for test class [com.techforum.api.restapidemo.DemoControllerTest], using SpringBootContextLoader
08:40:15.206 [Test worker] DEBUG org.springframework.test.context.support.AbstractContextLoader - Did not detect default resource location for test class [com.techforum.api.restapidemo.DemoControllerTest]: class path resource [com/techforum/api/restapidemo/DemoControllerTest-context.xml] does not exist
08:40:15.216 [Test worker] DEBUG org.springframework.test.context.support.AbstractContextLoader - Did not detect default resource location for test class [com.techforum.api.restapidemo.DemoControllerTest]: class path resource [com/techforum/api/restapidemo/DemoControllerTestContext.groovy] does not exist
08:40:15.217 [Test worker] INFO org.springframework.test.context.support.AbstractContextLoader - Could not detect default resource locations for test class [com.techforum.api.restapidemo.DemoControllerTest]: no resource found for suffixes {-context.xml, Context.groovy}.
08:40:15.218 [Test worker] INFO org.springframework.test.context.support.AnnotationConfigContextLoaderUtils - Could not detect default configuration classes for test class [com.techforum.api.restapidemo.DemoControllerTest]: DemoControllerTest does not declare any static, non-private, non-final, nested classes annotated with @Configuration.
08:40:15.427 [Test worker] DEBUG org.springframework.test.context.support.ActiveProfilesUtils - Could not find an 'annotation declaring class' for annotation type [org.springframework.test.context.ActiveProfiles] and class [com.techforum.api.restapidemo.DemoControllerTest]
08:40:15.497 [Test worker] DEBUG org.springframework.context.annotation.ClassPathScanningCandidateComponentProvider - Identified candidate component class: file [C:\Users\bkurmi\IdeaProjects\restapidemo\build\classes\java\main\com\techforum\api\restapidemo\RestapidemoApplication.class]
08:40:15.507 [Test worker] INFO org.springframework.boot.test.context.SpringBootTestContextBootstrapper - Found @SpringBootConfiguration com.techforum.api.restapidemo.RestapidemoApplication for test class com.techforum.api.restapidemo.DemoControllerTest
08:40:15.621 [Test worker] DEBUG org.springframework.boot.test.context.SpringBootTestContextBootstrapper - @TestExecutionListeners is not present for class [com.techforum.api.restapidemo.DemoControllerTest]: using defaults.
08:40:15.622 [Test worker] INFO org.springframework.boot.test.context.SpringBootTestContextBootstrapper - Loaded default TestExecutionListener class names from location [META-INF/spring.factories]: [org.springframework.boot.test.autoconfigure.restdocs.RestDocsTestExecutionListener, org.springframework.boot.test.autoconfigure.web.client.MockRestServiceServerResetTestExecutionListener, org.springframework.boot.test.autoconfigure.web.servlet.MockMvcPrintOnlyOnFailureTestExecutionListener, org.springframework.boot.test.autoconfigure.web.servlet.WebDriverTestExecutionListener, org.springframework.boot.test.autoconfigure.webservices.client.MockWebServiceServerTestExecutionListener, org.springframework.boot.test.mock.mockito.MockitoTestExecutionListener, org.springframework.boot.test.mock.mockito.ResetMocksTestExecutionListener, org.springframework.test.context.web.ServletTestExecutionListener, org.springframework.test.context.support.DirtiesContextBeforeModesTestExecutionListener, org.springframework.test.context.support.DependencyInjectionTestExecutionListener, org.springframework.test.context.support.DirtiesContextTestExecutionListener, org.springframework.test.context.transaction.TransactionalTestExecutionListener, org.springframework.test.context.jdbc.SqlScriptsTestExecutionListener, org.springframework.test.context.event.EventPublishingTestExecutionListener]
08:40:15.641 [Test worker] INFO org.springframework.boot.test.context.SpringBootTestContextBootstrapper - Using TestExecutionListeners: [org.springframework.test.context.web.ServletTestExecutionListener@7e5bc849, org.springframework.test.context.support.DirtiesContextBeforeModesTestExecutionListener@3fbfd14e, org.springframework.boot.test.mock.mockito.MockitoTestExecutionListener@7ee366c1, org.springframework.boot.test.autoconfigure.SpringBootDependencyInjectionTestExecutionListener@1ac40a33, org.springframework.test.context.support.DirtiesContextTestExecutionListener@3a7d80a2, org.springframework.test.context.transaction.TransactionalTestExecutionListener@7b891302, org.springframework.test.context.jdbc.SqlScriptsTestExecutionListener@1eb9b7dc, org.springframework.test.context.event.EventPublishingTestExecutionListener@2496b3aa, org.springframework.boot.test.autoconfigure.restdocs.RestDocsTestExecutionListener@72384f0a, org.springframework.boot.test.autoconfigure.web.client.MockRestServiceServerResetTestExecutionListener@419a534c, org.springframework.boot.test.autoconfigure.web.servlet.MockMvcPrintOnlyOnFailureTestExecutionListener@124e1bf4, org.springframework.boot.test.autoconfigure.web.servlet.WebDriverTestExecutionListener@354f1f4, org.springframework.boot.test.autoconfigure.webservices.client.MockWebServiceServerTestExecutionListener@33a4ae8b, org.springframework.boot.test.mock.mockito.ResetMocksTestExecutionListener@20b78b80]
08:40:15.643 [Test worker] DEBUG org.springframework.test.context.support.AbstractDirtiesContextTestExecutionListener - Before test class: context [DefaultTestContext@3ae96331 testClass = DemoControllerTest, testInstance = [null], testMethod = [null], testException = [null], mergedContextConfiguration = [WebMergedContextConfiguration@cc4df90 testClass = DemoControllerTest, locations = '{}', classes = '{class com.techforum.api.restapidemo.RestapidemoApplication}', contextInitializerClasses = '[]', activeProfiles = '{}', propertySourceLocations = '{}', propertySourceProperties = '{org.springframework.boot.test.context.SpringBootTestContextBootstrapper=true}', contextCustomizers = set[org.springframework.boot.test.autoconfigure.properties.PropertyMappingContextCustomizer@4b3fa0b3, org.springframework.boot.test.autoconfigure.web.servlet.WebDriverContextCustomizerFactory$Customizer@5d1d9d87, [ImportsContextCustomizer@5fc3185b key = [org.springframework.boot.test.autoconfigure.web.servlet.MockMvcAutoConfiguration, org.springframework.boot.test.autoconfigure.web.servlet.MockMvcWebClientAutoConfiguration, org.springframework.boot.test.autoconfigure.web.servlet.MockMvcWebDriverAutoConfiguration, org.springframework.boot.autoconfigure.security.oauth2.client.servlet.OAuth2ClientAutoConfiguration, org.springframework.boot.autoconfigure.security.oauth2.resource.servlet.OAuth2ResourceServerAutoConfiguration, org.springframework.boot.autoconfigure.security.servlet.SecurityAutoConfiguration, org.springframework.boot.autoconfigure.security.servlet.SecurityFilterAutoConfiguration, org.springframework.boot.autoconfigure.security.servlet.UserDetailsServiceAutoConfiguration, org.springframework.boot.test.autoconfigure.web.servlet.MockMvcSecurityConfiguration]], org.springframework.boot.test.context.filter.ExcludeFilterContextCustomizer@1113016e, org.springframework.boot.test.json.DuplicateJsonObjectContextCustomizerFactory$DuplicateJsonObjectContextCustomizer@427feebe, org.springframework.boot.test.mock.mockito.MockitoContextCustomizer@9040c9d2, org.springframework.boot.test.web.client.TestRestTemplateContextCustomizer@6d12ec97, org.springframework.boot.test.context.SpringBootTestArgs@1], resourceBasePath = 'src/main/webapp', contextLoader = 'org.springframework.boot.test.context.SpringBootContextLoader', parent = [null]], attributes = map['org.springframework.test.context.web.ServletTestExecutionListener.activateListener' -> true]], class annotated with @DirtiesContext [false] with mode [null].
08:40:15.685 [Test worker] DEBUG org.springframework.test.context.support.TestPropertySourceUtils - Adding inlined properties to environment: {spring.jmx.enabled=false, org.springframework.boot.test.context.SpringBootTestContextBootstrapper=true}

  .   ____          _            __ _ _
 /\\ / ___'_ __ _ _(_)_ __  __ _ \ \ \ \
( ( )\___ | '_ | '_| | '_ \/ _` | \ \ \ \
 \\/  ___)| |_)| | | | | || (_| |  ) ) ) )
  '  |____| .__|_| |_|_| |_\__, | / / / /
 =========|_|==============|___/=/_/_/_/
 :: Spring Boot ::        (v2.3.1.RELEASE)

2022-11-23 08:40:16.247  INFO 8472 --- [    Test worker] c.t.api.restapidemo.DemoControllerTest   : Starting DemoControllerTest on LIN51009485 with PID 8472 (started by bkurmi in C:\Users\bkurmi\IdeaProjects\restapidemo)
2022-11-23 08:40:16.257  INFO 8472 --- [    Test worker] c.t.api.restapidemo.DemoControllerTest   : No active profile set, falling back to default profiles: default
2022-11-23 08:40:17.331  INFO 8472 --- [    Test worker] .s.d.r.c.RepositoryConfigurationDelegate : Bootstrapping Spring Data JPA repositories in DEFERRED mode.
2022-11-23 08:40:17.370  INFO 8472 --- [    Test worker] .s.d.r.c.RepositoryConfigurationDelegate : Finished Spring Data repository scanning in 27ms. Found 0 JPA repository interfaces.
2022-11-23 08:40:18.627  INFO 8472 --- [    Test worker] o.s.s.concurrent.ThreadPoolTaskExecutor  : Initializing ExecutorService 'applicationTaskExecutor'
2022-11-23 08:40:18.637  INFO 8472 --- [    Test worker] com.zaxxer.hikari.HikariDataSource       : HikariPool-1 - Starting...
2022-11-23 08:40:18.942  INFO 8472 --- [    Test worker] com.zaxxer.hikari.HikariDataSource       : HikariPool-1 - Start completed.
2022-11-23 08:40:19.141  INFO 8472 --- [         task-1] o.hibernate.jpa.internal.util.LogHelper  : HHH000204: Processing PersistenceUnitInfo [name: default]
2022-11-23 08:40:19.253  INFO 8472 --- [         task-1] org.hibernate.Version                    : HHH000412: Hibernate ORM core version 5.4.17.Final
2022-11-23 08:40:19.338  INFO 8472 --- [         task-1] o.hibernate.annotations.common.Version   : HCANN000001: Hibernate Commons Annotations {5.1.0.Final}
2022-11-23 08:40:19.551  WARN 8472 --- [    Test worker] JpaBaseConfiguration$JpaWebConfiguration : spring.jpa.open-in-view is enabled by default. Therefore, database queries may be performed during view rendering. Explicitly configure spring.jpa.open-in-view to disable this warning
2022-11-23 08:40:19.584  INFO 8472 --- [         task-1] org.hibernate.dialect.Dialect            : HHH000400: Using dialect: org.hibernate.dialect.H2Dialect
2022-11-23 08:40:20.053  INFO 8472 --- [         task-1] o.h.e.t.j.p.i.JtaPlatformInitiator       : HHH000490: Using JtaPlatform implementation: [org.hibernate.engine.transaction.jta.platform.internal.NoJtaPlatform]
2022-11-23 08:40:20.069  INFO 8472 --- [         task-1] j.LocalContainerEntityManagerFactoryBean : Initialized JPA EntityManagerFactory for persistence unit 'default'
2022-11-23 08:40:20.424  INFO 8472 --- [    Test worker] o.s.b.a.h2.H2ConsoleAutoConfiguration    : H2 console available at '/h2-console'. Database available at 'jdbc:h2:mem:testdb'
2022-11-23 08:40:20.539  INFO 8472 --- [    Test worker] o.s.b.t.m.w.SpringBootMockServletContext : Initializing Spring TestDispatcherServlet ''
2022-11-23 08:40:20.540  INFO 8472 --- [    Test worker] o.s.t.web.servlet.TestDispatcherServlet  : Initializing Servlet ''
2022-11-23 08:40:20.547  INFO 8472 --- [    Test worker] o.s.t.web.servlet.TestDispatcherServlet  : Completed initialization in 7 ms
2022-11-23 08:40:20.576  INFO 8472 --- [    Test worker] DeferredRepositoryInitializationListener : Triggering deferred initialization of Spring Data repositories…
2022-11-23 08:40:20.579  INFO 8472 --- [    Test worker] DeferredRepositoryInitializationListener : Spring Data repositories initialized!
2022-11-23 08:40:20.589  INFO 8472 --- [    Test worker] c.t.api.restapidemo.DemoControllerTest   : Started DemoControllerTest in 4.895 seconds (JVM running for 7.051)
]]></system-out>
  <system-err><![CDATA[]]></system-err>
</testsuite>
